2024-08-15 19:48:10.973 -0400	START		Running _Master.script
2024-08-15 19:48:11.280 -0400	Connect		Windows 11:(null)	4	on_connect_to_sut	Connect to SUT.script
2024-08-15 19:48:11.385 -0400	startmovie		/Users/stevbarr/Keysight Sandbox/Suites/Syringe_Pump.suite/Results/_Master/20240815_194810.970/Syringe Pump.mp4	5	on__master	_Master.script
2024-08-15 19:48:13.764 -0400	imagefound	button_Windows_Start	Unable to Find Image button_Windows_Start	1	on_launch_pump	Launch Pump.script
2024-08-15 19:48:16.292 -0400	imagefound	window_SyringePumpStack	Unable to Find Image window_SyringePumpStack	11	on_launch_pump	Launch Pump.script
2024-08-15 19:48:26.901 -0400	EndTestCase		(Duration:"15.926707", Errors:"1", Exceptions:"0", StartTime:"2024-08-15 19:48:10 -0400", Successes:"0", TestCase:"_Master.script", Warnings:"0")
2024-08-15 19:48:27.090 -0400	FAILURE	Screen_Error.png	SenseTalk Compiler Exception: in run_an_os_command:\nSyntax Error at line 41: can't understand "..." at character 4 -- Execution Time 0:00:15 _Master.script
