<?xml version="1.0" encoding="UTF-8" ?>
<testsuites>
 <testsuite name="_Master_script" package="Syringe_Pump.suite" timestamp="2024-08-15 19:48:10.970 -0400"
 tests="1"  failures="1" errors="0" time="15.930563">
  <properties>
   <property name="RunDate" value="2024-08-15 19:48:10.970 -0400"/>
   <property name="Status" value="Failure"/>
  </properties>
  <testcase name="_Master.script" assertions="1" status="failure"  time="15.926707">
    <failure type="FAILURE" message="SenseTalk Compiler Exception: in run_an_os_command:\nSyntax Error at line 41: can&apos;t understand &quot;...&quot; at character 4 -- Execution Time 0:00:15 _Master.script" />
  </testcase>
 </testsuite>
</testsuites>
