<?xml version="1.0" encoding="UTF-8" ?>
<testsuites>
 <testsuite name="_Master_script" package="Syringe_Pump.suite" timestamp="2024-05-22 11:01:58.676 -0400"
 tests="1"  failures="1" errors="0" time="19.754862">
  <properties>
   <property name="RunDate" value="2024-05-22 11:01:58.676 -0400"/>
   <property name="Status" value="Failure"/>
  </properties>
  <testcase name="_Master.script" assertions="1" status="failure"  time="19.74683">
    <failure type="FAILURE" message="SenseTalk Compiler Exception: in syringe:\nSyntax Error at line 63: can&apos;t understand &quot;End&quot; at character 1 -- Execution Time 0:00:19 _Master.script" />
  </testcase>
 </testsuite>
</testsuites>
