<?xml version="1.0" encoding="UTF-8" ?>
<testsuites>
 <testsuite name="Syringe_script" package="Syringe_Pump.suite" timestamp="2024-05-21 07:37:55.128 -0400"
 tests="1"  failures="1" errors="0" time="24.042046">
  <properties>
   <property name="RunDate" value="2024-05-21 07:37:55.128 -0400"/>
   <property name="Status" value="Failure"/>
  </properties>
  <testcase name="Syringe.script" assertions="1" status="failure"  time="24.039214">
    <failure type="FAILURE" message="Image Not Found: set Error - Unable To Find Image: Syringe/2/rect_Syringe_2_A  Restricted Search Rectangle ((198,28),(1911,153))\n -- Execution Time 0:00:24 Syringe.script" />
  </testcase>
 </testsuite>
</testsuites>
